{"/home/artalon/Desktop/FizzBuzz/src/main.ts": {"path":"/home/artalon/Desktop/FizzBuzz/src/main.ts","statementMap":{"0":{"start":{"line":1,"column":0},"end":{"line":1,"column":16}},"1":{"start":{"line":2,"column":4},"end":{"line":4,"column":5}},"2":{"start":{"line":3,"column":8},"end":{"line":3,"column":null}},"3":{"start":{"line":5,"column":4},"end":{"line":5,"column":24}}},"fnMap":{"0":{"name":"fizzBuzz","decl":{"start":{"line":1,"column":16},"end":{"line":1,"column":24}},"loc":{"start":{"line":1,"column":45},"end":{"line":6,"column":1}}}},"branchMap":{"0":{"loc":{"start":{"line":2,"column":4},"end":{"line":4,"column":5}},"type":"if","locations":[{"start":{"line":2,"column":4},"end":{"line":4,"column":5}}]}},"s":{"0":1,"1":3,"2":1,"3":2},"f":{"0":3},"b":{"0":[1]}}
}
